::1 GET / 304 - - 1.870 ms
::1 GET /favicon.ico 404 54 - 0.835 ms
::1 GET /products 200 1121 - 61.672 ms
::1 GET /products 200 1112 - 138.588 ms
::1 GET /products 304 - - 96.221 ms
::1 GET /products 304 - - 64.102 ms
::ffff:127.0.0.1 GET / 304 - - 1.681 ms
::ffff:127.0.0.1 GET /products 304 - - 201.730 ms
::1 POST /products 401 44 - 3.234 ms
::1 POST /auth/login 200 239 - 148.777 ms
::1 POST /products 500 1324 - 9.236 ms
::1 POST /products 500 1324 - 4.916 ms
::1 POST /auth/login 200 239 - 280.929 ms
::1 POST /products 500 1324 - 3.400 ms
::1 POST /products 500 1324 - 4.061 ms
::1 POST /products 500 1324 - 4.043 ms
::1 POST /products 500 1324 - 5.138 ms
::1 POST /auth/login 200 239 - 154.939 ms
::1 POST /auth/login 200 239 - 130.883 ms
::1 POST /products 500 1324 - 11.938 ms
::1 POST /products 500 1324 - 4.162 ms
::1 POST /products 400 45 - 5.797 ms
::1 POST /products 400 45 - 4.691 ms
::1 POST /products 500 1355 - 5.888 ms
::1 POST /auth/login 200 239 - 154.637 ms
::1 POST /products 500 1355 - 3.543 ms
::1 POST /products 500 1355 - 4.076 ms
::1 POST /products 500 1355 - 3.228 ms
::1 POST /products 500 1355 - 4.117 ms
::1 POST /products 500 1355 - 3.798 ms
::1 POST /products 400 45 - 5.542 ms
::1 POST /products 400 45 - 15.190 ms
::1 GET /products 304 - - 80.820 ms
::1 POST /products 400 45 - 6.853 ms
::1 POST /products 401 40 - 0.623 ms
::1 POST /auth/login 200 239 - 129.498 ms
::1 POST /products 400 45 - 5.909 ms
::1 POST /products 400 45 - 5.715 ms
::1 POST /products 400 45 - 5.227 ms
::1 POST /auth/login 200 239 - 108.845 ms
::1 POST /products 400 45 - 4.806 ms
::1 GET / 304 - - 0.435 ms
::1 GET /uploads//1765219657544-fb7da394-b8e7-42b5-823a-88f9606f7ab4.png 200 442152 - 2.589 ms
::1 GET /products 304 - - 66.035 ms
::1 POST /products 400 45 - 12.642 ms
::1 POST /products 500 878 - 4.544 ms
::1 POST /auth/login 200 239 - 190.202 ms
::1 POST /products 500 878 - 1.636 ms
::1 POST /products 500 878 - 1.477 ms
::1 POST /products 400 45 - 6.417 ms
::1 POST /products 400 45 - 15.168 ms
::1 POST /auth/login 200 239 - 226.756 ms
::1 POST /products 400 45 - 5.576 ms
::1 POST /products 400 45 - 12.851 ms
::1 POST /products 400 45 - 6.178 ms
::1 POST /products 400 45 - 14.974 ms
::1 POST /products 400 45 - 4.922 ms
::1 POST /products 400 45 - 14.976 ms
::1 POST /products 400 45 - 14.287 ms
::1 POST /products 400 45 - 7.003 ms
::1 POST /products 401 38 - 1.508 ms
::1 POST /auth/login 200 239 - 833.347 ms
::1 POST /products 400 45 - 5.582 ms
::1 POST /products 400 45 - 5.407 ms
::1 POST /products 400 45 - 15.806 ms
::1 POST /products 400 45 - 16.166 ms
