::1 GET /products? 200 1112 - 103.521 ms
::1 GET /products? 304 - - 52.748 ms
::1 POST /auth/login 200 239 - 241.268 ms
::1 POST /auth/register 409 69 - 163.974 ms
::1 POST /auth/register 201 164 - 407.495 ms
::1 POST /auth/login 200 240 - 118.666 ms
::1 POST /auth/login 200 239 - 223.535 ms
::1 POST /auth/login 200 240 - 125.656 ms
::1 GET /products? 304 - - 79.569 ms
::1 GET /products? 304 - - 57.413 ms
::1 GET /products? 304 - - 51.967 ms
::1 GET /products? 304 - - 52.014 ms
::1 GET /products?category=Pokemon 200 402 - 197.858 ms
::1 GET / 304 - - 0.340 ms
::1 POST /auth/login 200 240 - 127.788 ms
::1 POST /products 201 199 - 145.230 ms
::1 GET /products? 200 1289 - 144.456 ms
::1 GET /products? 304 - - 55.643 ms
::1 POST /auth/login 200 240 - 298.841 ms
::1 GET /products 200 1289 - 120.320 ms
::1 POST /auth/login 200 240 - 274.019 ms
::1 GET /products/69114073612111eff17a3c8a 200 148 - 115.896 ms
::1 POST /auth/login 200 240 - 201.200 ms
::1 PATCH /products/6938c23d9f09d1ae65f6dec4 401 48 - 0.214 ms
::1 PATCH /products/6938c23d9f09d1ae65f6dec4 200 200 - 170.688 ms
::1 PATCH /products/69179f16334a2b304f6f6a00 200 179 - 184.209 ms
::1 POST /auth/login 200 240 - 281.993 ms
::1 DELETE /products/69112d78f3ca6fd3553a870b 200 166 - 211.451 ms
::1 GET /products? 200 1174 - 61.745 ms
::1 GET /products? 304 - - 87.812 ms
::1 DELETE /products/69112d78f3ca6fd3553a870b 404 50 - 55.728 ms
::1 DELETE /products/69112d78f3ca6fd3553a870b 404 50 - 49.215 ms
::1 DELETE /products/69112d78f3ca6fd3553a870b 404 50 - 47.505 ms
::1 DELETE /products/69112d78f3ca6fd3553a870b 404 50 - 72.677 ms
::1 DELETE /products/69112d78f3ca6fd3553a870b 404 50 - 69.798 ms
::1 DELETE /products/69112d78f3ca6fd3553a870b 404 50 - 57.187 ms
::1 DELETE /products/69112d78f3ca6fd3553a870b 404 50 - 50.080 ms
::1 DELETE /products/69112d78f3ca6fd3553a870b - - - - ms
::1 DELETE /products/69112d78f3ca6fd3553a870b - - - - ms
::1 DELETE /products/69112d78f3ca6fd3553a870b 404 50 - 98.889 ms
::1 DELETE /products/69112d78f3ca6fd3553a870b 404 50 - 277.836 ms
::1 POST /auth/login 200 240 - 194.529 ms
::1 POST /auth/login 200 240 - 172.734 ms
::1 POST /auth/login - - - - ms
::1 POST /auth/login 200 240 - 181.068 ms
::1 POST /auth/login 200 240 - 119.554 ms
::1 POST /auth/login 200 240 - 183.558 ms
::1 POST /auth/login 200 240 - 182.628 ms
::1 POST /auth/login 200 240 - 192.209 ms
::1 POST /auth/login 200 240 - 174.409 ms
::1 POST /auth/login 200 240 - 194.629 ms
::1 POST /auth/login 200 240 - 165.232 ms
::1 POST /auth/login 200 240 - 173.346 ms
::1 POST /auth/register 409 69 - 266.727 ms
::1 POST /auth/login 200 240 - 158.024 ms
::1 POST /auth/login 200 240 - 228.732 ms
::1 POST /auth/login 200 240 - 174.382 ms
::1 POST /auth/login 200 240 - 139.980 ms
::1 POST /auth/login 200 240 - 164.561 ms
::1 POST /auth/login 200 240 - 159.773 ms
::1 POST /auth/login 200 240 - 155.531 ms
::1 POST /auth/login 200 240 - 225.737 ms
::1 POST /auth/login 200 240 - 149.278 ms
::1 POST /auth/login 200 240 - 218.239 ms
::1 POST /auth/login 200 240 - 125.769 ms
::1 POST /auth/login 200 240 - 129.785 ms
::1 POST /auth/login 200 240 - 240.540 ms
::1 POST /auth/login 200 240 - 251.721 ms
::1 POST /auth/login 200 240 - 128.952 ms
::1 POST /auth/login 200 240 - 111.000 ms
::1 POST /auth/login 200 240 - 142.521 ms
::1 POST /auth/login 200 240 - 108.825 ms
::1 POST /auth/login 200 240 - 172.624 ms
::1 POST /auth/login 200 240 - 131.612 ms
::1 POST /auth/login 200 240 - 174.399 ms
::1 POST /auth/login 200 240 - 201.659 ms
::1 POST /auth/login 200 240 - 236.376 ms
::1 POST /auth/login 200 240 - 246.285 ms
::1 POST /auth/login 200 240 - 136.372 ms
::1 POST /auth/login 200 240 - 186.215 ms
::1 POST /auth/login 200 240 - 156.196 ms
::1 POST /auth/login 200 240 - 192.459 ms
::1 POST /auth/login 200 240 - 191.029 ms
::1 POST /auth/login 200 240 - 170.231 ms
::1 POST /auth/login 200 240 - 207.663 ms
::1 POST /auth/login 200 240 - 160.797 ms
::1 POST /products 201 199 - 110.999 ms
::1 POST /products 201 199 - 91.242 ms
::1 POST /products - - - - ms
::1 POST /products 201 199 - 53.083 ms
::1 POST /products 201 199 - 98.086 ms
::1 POST /products 201 199 - 84.032 ms
::1 POST /products 201 199 - 68.662 ms
::1 POST /products 201 199 - 72.771 ms
::1 POST /products 201 199 - 79.671 ms
::1 POST /products 201 199 - 130.712 ms
::1 POST /products 201 199 - 127.186 ms
::1 POST /auth/login 200 240 - 269.757 ms
::1 POST /auth/login - - - - ms
::1 POST /auth/login 200 240 - 283.823 ms
::1 POST /auth/login - - - - ms
::1 POST /auth/login 200 240 - 188.287 ms
::1 POST /auth/login 429 74 - 0.726 ms
::1 POST /auth/login 429 74 - 0.381 ms
::1 POST /auth/login 429 74 - 0.295 ms
::1 POST /auth/login 429 74 - 0.627 ms
::1 POST /auth/login 429 74 - 0.458 ms
