::1 GET /products? 200 1174 - 127.784 ms
::1 GET /products? 304 - - 94.279 ms
::1 POST /auth/login 401 41 - 190.722 ms
::1 GET /products? 304 - - 59.773 ms
::1 GET /products? 304 - - 51.422 ms
::1 POST /auth/login 401 41 - 336.962 ms
::1 POST /auth/login 401 41 - 106.787 ms
::1 POST /auth/login 401 41 - 124.674 ms
::1 POST /auth/register 201 162 - 299.981 ms
::1 POST /auth/login 200 238 - 136.270 ms
::1 GET /products? 304 - - 51.292 ms
::1 GET /products? 304 - - 95.815 ms
::1 GET /products? 304 - - 55.895 ms
::1 GET /products? 304 - - 47.294 ms
::1 GET /products? 304 - - 106.372 ms
::1 GET /products? 304 - - 94.238 ms
::1 GET /products? 304 - - 59.466 ms
::1 GET /products? 304 - - 49.235 ms
::1 GET /products? 304 - - 50.533 ms
::1 GET /products? 304 - - 48.508 ms
::1 POST /auth/login 200 240 - 141.087 ms
::1 POST /products 201 200 - 451.362 ms
::1 GET /products? 200 1352 - 52.577 ms
::1 GET /products? 304 - - 94.136 ms
::1 GET /products? 304 - - 114.637 ms
::1 GET /products? 304 - - 140.406 ms
::1 GET /products? 304 - - 61.598 ms
::1 GET /products? 304 - - 44.802 ms
::1 GET /products? 304 - - 80.324 ms
::1 GET /products? 304 - - 44.345 ms
::1 POST /auth/register 409 69 - 44.597 ms
::1 POST /auth/register 201 157 - 226.824 ms
::1 POST /auth/login 200 231 - 135.303 ms
::1 GET /products? 304 - - 46.728 ms
::1 GET /products? 304 - - 44.832 ms
::1 GET /products? 304 - - 47.428 ms
::1 GET /products? 304 - - 45.407 ms
::1 GET /products? 304 - - 74.838 ms
::1 GET /products? 304 - - 44.172 ms
::1 POST /auth/register 409 69 - 72.578 ms
::1 POST /auth/register 409 69 - 78.545 ms
::1 POST /auth/login 401 41 - 129.426 ms
::1 POST /auth/login 401 41 - 98.488 ms
::1 POST /auth/login 200 231 - 123.698 ms
::1 GET /products? 304 - - 49.230 ms
::1 GET /products? 304 - - 79.812 ms
::1 GET /products?name=charizard 200 181 - 60.011 ms
::1 GET /products? 304 - - 85.197 ms
::1 GET /products? 304 - - 92.307 ms
::1 GET /products?stock=1 200 306 - 68.408 ms
::1 GET /products?category=Pokemon 200 913 - 66.396 ms
::1 GET /products? 304 - - 45.141 ms
::1 GET /products? 304 - - 45.497 ms
::1 GET /products?category=Pokemon 304 - - 63.976 ms
::1 PATCH /products/693b2cd295645d7b17d0ec6e 200 201 - 57.998 ms
::1 GET /products? 200 1352 - 47.113 ms
::1 GET /products? 304 - - 45.249 ms
::1 GET /products? 304 - - 47.199 ms
::1 GET /products? 304 - - 56.408 ms
::1 GET /products? 304 - - 72.323 ms
::1 GET /products? 304 - - 46.694 ms
::1 GET /products? 304 - - 47.634 ms
::1 GET /products? 304 - - 75.699 ms
::1 GET /products? 304 - - 46.859 ms
::1 POST /auth/register 409 69 - 49.302 ms
::1 POST /auth/register 201 159 - 197.277 ms
::1 POST /auth/login 401 41 - 64.609 ms
::1 POST /auth/login 200 234 - 133.407 ms
::1 GET /products? 304 - - 51.433 ms
::1 GET /products? 304 - - 47.274 ms
::1 GET /products?name=charizard 304 - - 67.854 ms
::1 GET /products? 304 - - 76.818 ms
::1 GET /products? 304 - - 48.016 ms
::1 GET /products?stock=1 304 - - 67.339 ms
::1 GET /products?category=Pokemon 200 913 - 67.788 ms
::1 GET /products?category=Pokemon&minPrice=200&maxPrice=200 200 380 - 66.243 ms
::1 POST /products 201 192 - 78.867 ms
::1 GET /products? 200 1522 - 51.085 ms
::1 GET /products? 304 - - 88.486 ms
::1 PATCH /products/693b36975a266b71957bf890 200 193 - 57.274 ms
::1 GET /products? 200 1522 - 48.085 ms
::1 PATCH /products/693b36975a266b71957bf890 200 193 - 115.270 ms
::1 GET /products? 200 1522 - 95.972 ms
::1 DELETE /products/693b2cd295645d7b17d0ec6e 200 201 - 187.685 ms
::1 GET /products? 200 1344 - 52.774 ms
::1 GET /products? 304 - - 110.612 ms
::1 POST /auth/login 200 238 - 123.779 ms
::1 GET /products? 304 - - 46.335 ms
::1 GET /products? 304 - - 46.591 ms
